This is XeTeX, Version 3.14159265-2.6-0.999991 (MiKTeX 2.9.7050 64-bit) (preloaded format=xelatex 2019.7.25)  17 FEB 2020 22:16
entering extended mode
**./media/Tex/e2515bbe19034fca.tex
(media/Tex/e2515bbe19034fca.tex
LaTeX2e <2018-12-01>

("E:\Users\Administrator\AppData\Local\Programs\MiKTeX 2.9\tex/latex/standalone
\standalone.cls"
Document Class: standalone 2018/03/26 v1.3a Class to compile TeX sub-files stan
dalone

("E:\Users\Administrator\AppData\Local\Programs\MiKTeX 2.9\tex/latex/tools\shel
lesc.sty"
Package: shellesc 2016/06/07 v0.02a unified shell escape interface for LaTeX
Package shellesc Info: Restricted shell escape enabled on input line 69.
)
("E:\Users\Administrator\AppData\Local\Programs\MiKTeX 2.9\tex/generic/oberdiek
\ifluatex.sty"
Package: ifluatex 2016/05/16 v1.4 Provides the ifluatex switch (HO)
Package ifluatex Info: LuaTeX not detected.
)
("E:\Users\Administrator\AppData\Local\Programs\MiKTeX 2.9\tex/generic/oberdiek
\ifpdf.sty"
Package: ifpdf 2018/09/07 v3.3 Provides the ifpdf switch
)
("E:\Users\Administrator\AppData\Local\Programs\MiKTeX 2.9\tex/generic/ifxetex\
ifxetex.sty"
Package: ifxetex 2010/09/12 v0.6 Provides ifxetex conditional
)
("E:\Users\Administrator\AppData\Local\Programs\MiKTeX 2.9\tex/latex/xkeyval\xk
eyval.sty"
Package: xkeyval 2014/12/03 v2.7a package option processing (HA)

("E:\Users\Administrator\AppData\Local\Programs\MiKTeX 2.9\tex/generic/xkeyval\
xkeyval.tex"
("E:\Users\Administrator\AppData\Local\Programs\MiKTeX 2.9\tex/generic/xkeyval\
xkvutils.tex"
\XKV@toks=\toks14
\XKV@tempa@toks=\toks15

("E:\Users\Administrator\AppData\Local\Programs\MiKTeX 2.9\tex/generic/xkeyval\
keyval.tex"))
\XKV@depth=\count80
File: xkeyval.tex 2014/12/03 v2.7a key=value parser (HA)
))
\sa@internal=\count81
\c@sapage=\count82

("E:\Users\Administrator\AppData\Local\Programs\MiKTeX 2.9\tex/latex/standalone
\standalone.cfg"
File: standalone.cfg 2018/03/26 v1.3a Default configuration file for 'standalon
e' class
)
("E:\Users\Administrator\AppData\Local\Programs\MiKTeX 2.9\tex/latex/base\artic
le.cls"
Document Class: article 2018/09/03 v1.4i Standard LaTeX document class

("E:\Users\Administrator\AppData\Local\Programs\MiKTeX 2.9\tex/latex/base\size1
0.clo"
File: size10.clo 2018/09/03 v1.4i Standard LaTeX file (size option)
)
\c@part=\count83
\c@section=\count84
\c@subsection=\count85
\c@subsubsection=\count86
\c@paragraph=\count87
\c@subparagraph=\count88
\c@figure=\count89
\c@table=\count90
\abovecaptionskip=\skip41
\belowcaptionskip=\skip42
\bibindent=\dimen102
)
("E:\Users\Administrator\AppData\Local\Programs\MiKTeX 2.9\tex/latex/preview\pr
eview.sty"
Package: preview 2017/04/24 11.91 (AUCTeX/preview-latex)

("E:\Users\Administrator\AppData\Local\Programs\MiKTeX 2.9\tex/generic/luatex85
\luatex85.sty"
Package: luatex85 2016/06/15 v1.4 pdftex aliases for luatex
)
("E:\Users\Administrator\AppData\Local\Programs\MiKTeX 2.9\tex/latex/preview\pr
tightpage.def"
\PreviewBorder=\dimen103
)
\pr@snippet=\count91
\pr@box=\box27
\pr@output=\toks16
))
("E:\Users\Administrator\AppData\Local\Programs\MiKTeX 2.9\tex/generic/babel\ba
bel.sty"
Package: babel 2019/07/19 3.33 The Babel package

("E:\Users\Administrator\AppData\Local\Programs\MiKTeX 2.9\tex/generic/babel\sw
itch.def"
File: switch.def 2019/07/19 3.33 Babel switching mechanism
)
*************************************
* Local config file bblopts.cfg used
*

("E:\Users\Administrator\AppData\Local\Programs\MiKTeX 2.9\tex/latex/arabi\bblo
pts.cfg"
File: bblopts.cfg 2005/09/08 v0.1 add Arabic and Farsi to "declared" options of
 babel
)
("E:\Users\Administrator\AppData\Local\Programs\MiKTeX 2.9\tex/latex/babel-engl
ish\english.ldf"
Language: english 2017/06/06 v3.3r English support from the babel system

("E:\Users\Administrator\AppData\Local\Programs\MiKTeX 2.9\tex/generic/babel\ba
bel.def"
File: babel.def 2019/07/19 3.33 Babel common definitions
\babel@savecnt=\count92
\U@D=\dimen104

("E:\Users\Administrator\AppData\Local\Programs\MiKTeX 2.9\tex/generic/babel\xe
babel.def"
("E:\Users\Administrator\AppData\Local\Programs\MiKTeX 2.9\tex/generic/babel\tx
tbabel.def"))
\bbl@dirlevel=\count93
)
\l@canadian = a dialect from \language\l@american 
\l@australian = a dialect from \language\l@british 
\l@newzealand = a dialect from \language\l@british 
))
("E:\Users\Administrator\AppData\Local\Programs\MiKTeX 2.9\tex/latex/amsmath\am
smath.sty"
Package: amsmath 2018/12/01 v2.17b AMS math features
\@mathmargin=\skip43
For additional information on amsmath, use the `?' option.

("E:\Users\Administrator\AppData\Local\Programs\MiKTeX 2.9\tex/latex/amsmath\am
stext.sty"
Package: amstext 2000/06/29 v2.01 AMS text

("E:\Users\Administrator\AppData\Local\Programs\MiKTeX 2.9\tex/latex/amsmath\am
sgen.sty"
File: amsgen.sty 1999/11/30 v2.0 generic functions
\@emptytoks=\toks17
\ex@=\dimen105
))
("E:\Users\Administrator\AppData\Local\Programs\MiKTeX 2.9\tex/latex/amsmath\am
sbsy.sty"
Package: amsbsy 1999/11/29 v1.2d Bold Symbols
\pmbraise@=\dimen106
)
("E:\Users\Administrator\AppData\Local\Programs\MiKTeX 2.9\tex/latex/amsmath\am
sopn.sty"
Package: amsopn 2016/03/08 v2.02 operator names
)
\inf@bad=\count94
LaTeX Info: Redefining \frac on input line 223.
\uproot@=\count95
\leftroot@=\count96
LaTeX Info: Redefining \overline on input line 385.
\classnum@=\count97
\DOTSCASE@=\count98
LaTeX Info: Redefining \ldots on input line 482.
LaTeX Info: Redefining \dots on input line 485.
LaTeX Info: Redefining \cdots on input line 606.
\Mathstrutbox@=\box28
\strutbox@=\box29
\big@size=\dimen107
LaTeX Font Info:    Redeclaring font encoding OML on input line 729.
LaTeX Font Info:    Redeclaring font encoding OMS on input line 730.
\macc@depth=\count99
\c@MaxMatrixCols=\count100
\dotsspace@=\muskip10
\c@parentequation=\count101
\dspbrk@lvl=\count102
\tag@help=\toks18
\row@=\count103
\column@=\count104
\maxfields@=\count105
\andhelp@=\toks19
\eqnshift@=\dimen108
\alignsep@=\dimen109
\tagshift@=\dimen110
\tagwidth@=\dimen111
\totwidth@=\dimen112
\lineht@=\dimen113
\@envbody=\toks20
\multlinegap=\skip44
\multlinetaggap=\skip45
\mathdisplay@stack=\toks21
LaTeX Info: Redefining \[ on input line 2844.
LaTeX Info: Redefining \] on input line 2845.
)
("E:\Users\Administrator\AppData\Local\Programs\MiKTeX 2.9\tex/latex/amsfonts\a
mssymb.sty"
Package: amssymb 2013/01/14 v3.01 AMS font symbols

("E:\Users\Administrator\AppData\Local\Programs\MiKTeX 2.9\tex/latex/amsfonts\a
msfonts.sty"
Package: amsfonts 2013/01/14 v3.01 Basic AMSFonts support
\symAMSa=\mathgroup4
\symAMSb=\mathgroup5
LaTeX Font Info:    Overwriting math alphabet `\mathfrak' in version `bold'
(Font)                  U/euf/m/n --> U/euf/b/n on input line 106.
))
("E:\Users\Administrator\AppData\Local\Programs\MiKTeX 2.9\tex/latex/doublestro
ke\dsfont.sty"
Package: dsfont 1995/08/01 v0.1 Double stroke roman fonts
)
("E:\Users\Administrator\AppData\Local\Programs\MiKTeX 2.9\tex/latex/setspace\s
etspace.sty"
Package: setspace 2011/12/19 v6.7a set line spacing
)
("E:\Users\Administrator\AppData\Local\Programs\MiKTeX 2.9\tex/latex/tipa\tipa.
sty"
Package: tipa 2002/08/08 TIPA version 1.1

("E:\Users\Administrator\AppData\Local\Programs\MiKTeX 2.9\tex/latex/base\fonte
nc.sty"
Package: fontenc 2018/08/11 v2.0j Standard LaTeX package

("E:\Users\Administrator\AppData\Local\Programs\MiKTeX 2.9\tex/latex/tipa\t3enc
.def"
File: t3enc.def 2001/12/31 T3 encoding
)
("E:\Users\Administrator\AppData\Local\Programs\MiKTeX 2.9\tex/latex/base\tuenc
.def"
File: tuenc.def 2018/08/11 v2.0j Standard LaTeX file
LaTeX Font Info:    Redeclaring font encoding TU on input line 82.
)))
("E:\Users\Administrator\AppData\Local\Programs\MiKTeX 2.9\tex/latex/relsize\re
lsize.sty"
Package: relsize 2013/03/29 ver 4.1
)
("E:\Users\Administrator\AppData\Local\Programs\MiKTeX 2.9\tex/latex/base\textc
omp.sty"
Package: textcomp 2018/08/11 v2.0j Standard LaTeX package
Package textcomp Info: Sub-encoding information:
(textcomp)               5 = only ISO-Adobe without \textcurrency
(textcomp)               4 = 5 + \texteuro
(textcomp)               3 = 4 + \textohm
(textcomp)               2 = 3 + \textestimated + \textcurrency
(textcomp)               1 = TS1 - \textcircled - \t
(textcomp)               0 = TS1 (full)
(textcomp)             Font families with sub-encoding setting implement
(textcomp)             only a restricted character set as indicated.
(textcomp)             Family '?' is the default used for unknown fonts.
(textcomp)             See the documentation for details.
Package textcomp Info: Setting ? sub-encoding to TS1/1 on input line 79.

("E:\Users\Administrator\AppData\Local\Programs\MiKTeX 2.9\tex/latex/base\ts1en
c.def"
File: ts1enc.def 2001/06/05 v3.0e (jk/car/fm) Standard LaTeX file
)
LaTeX Info: Redefining \oldstylenums on input line 334.
Package textcomp Info: Setting cmr sub-encoding to TS1/0 on input line 349.
Package textcomp Info: Setting cmss sub-encoding to TS1/0 on input line 350.
Package textcomp Info: Setting cmtt sub-encoding to TS1/0 on input line 351.
Package textcomp Info: Setting cmvtt sub-encoding to TS1/0 on input line 352.
Package textcomp Info: Setting cmbr sub-encoding to TS1/0 on input line 353.
Package textcomp Info: Setting cmtl sub-encoding to TS1/0 on input line 354.
Package textcomp Info: Setting ccr sub-encoding to TS1/0 on input line 355.
Package textcomp Info: Setting ptm sub-encoding to TS1/4 on input line 356.
Package textcomp Info: Setting pcr sub-encoding to TS1/4 on input line 357.
Package textcomp Info: Setting phv sub-encoding to TS1/4 on input line 358.
Package textcomp Info: Setting ppl sub-encoding to TS1/3 on input line 359.
Package textcomp Info: Setting pag sub-encoding to TS1/4 on input line 360.
Package textcomp Info: Setting pbk sub-encoding to TS1/4 on input line 361.
Package textcomp Info: Setting pnc sub-encoding to TS1/4 on input line 362.
Package textcomp Info: Setting pzc sub-encoding to TS1/4 on input line 363.
Package textcomp Info: Setting bch sub-encoding to TS1/4 on input line 364.
Package textcomp Info: Setting put sub-encoding to TS1/5 on input line 365.
Package textcomp Info: Setting uag sub-encoding to TS1/5 on input line 366.
Package textcomp Info: Setting ugq sub-encoding to TS1/5 on input line 367.
Package textcomp Info: Setting ul8 sub-encoding to TS1/4 on input line 368.
Package textcomp Info: Setting ul9 sub-encoding to TS1/4 on input line 369.
Package textcomp Info: Setting augie sub-encoding to TS1/5 on input line 370.
Package textcomp Info: Setting dayrom sub-encoding to TS1/3 on input line 371.
Package textcomp Info: Setting dayroms sub-encoding to TS1/3 on input line 372.

Package textcomp Info: Setting pxr sub-encoding to TS1/0 on input line 373.
Package textcomp Info: Setting pxss sub-encoding to TS1/0 on input line 374.
Package textcomp Info: Setting pxtt sub-encoding to TS1/0 on input line 375.
Package textcomp Info: Setting txr sub-encoding to TS1/0 on input line 376.
Package textcomp Info: Setting txss sub-encoding to TS1/0 on input line 377.
Package textcomp Info: Setting txtt sub-encoding to TS1/0 on input line 378.
Package textcomp Info: Setting lmr sub-encoding to TS1/0 on input line 379.
Package textcomp Info: Setting lmdh sub-encoding to TS1/0 on input line 380.
Package textcomp Info: Setting lmss sub-encoding to TS1/0 on input line 381.
Package textcomp Info: Setting lmssq sub-encoding to TS1/0 on input line 382.
Package textcomp Info: Setting lmvtt sub-encoding to TS1/0 on input line 383.
Package textcomp Info: Setting lmtt sub-encoding to TS1/0 on input line 384.
Package textcomp Info: Setting qhv sub-encoding to TS1/0 on input line 385.
Package textcomp Info: Setting qag sub-encoding to TS1/0 on input line 386.
Package textcomp Info: Setting qbk sub-encoding to TS1/0 on input line 387.
Package textcomp Info: Setting qcr sub-encoding to TS1/0 on input line 388.
Package textcomp Info: Setting qcs sub-encoding to TS1/0 on input line 389.
Package textcomp Info: Setting qpl sub-encoding to TS1/0 on input line 390.
Package textcomp Info: Setting qtm sub-encoding to TS1/0 on input line 391.
Package textcomp Info: Setting qzc sub-encoding to TS1/0 on input line 392.
Package textcomp Info: Setting qhvc sub-encoding to TS1/0 on input line 393.
Package textcomp Info: Setting futs sub-encoding to TS1/4 on input line 394.
Package textcomp Info: Setting futx sub-encoding to TS1/4 on input line 395.
Package textcomp Info: Setting futj sub-encoding to TS1/4 on input line 396.
Package textcomp Info: Setting hlh sub-encoding to TS1/3 on input line 397.
Package textcomp Info: Setting hls sub-encoding to TS1/3 on input line 398.
Package textcomp Info: Setting hlst sub-encoding to TS1/3 on input line 399.
Package textcomp Info: Setting hlct sub-encoding to TS1/5 on input line 400.
Package textcomp Info: Setting hlx sub-encoding to TS1/5 on input line 401.
Package textcomp Info: Setting hlce sub-encoding to TS1/5 on input line 402.
Package textcomp Info: Setting hlcn sub-encoding to TS1/5 on input line 403.
Package textcomp Info: Setting hlcw sub-encoding to TS1/5 on input line 404.
Package textcomp Info: Setting hlcf sub-encoding to TS1/5 on input line 405.
Package textcomp Info: Setting pplx sub-encoding to TS1/3 on input line 406.
Package textcomp Info: Setting pplj sub-encoding to TS1/3 on input line 407.
Package textcomp Info: Setting ptmx sub-encoding to TS1/4 on input line 408.
Package textcomp Info: Setting ptmj sub-encoding to TS1/4 on input line 409.
)
("E:\Users\Administrator\AppData\Local\Programs\MiKTeX 2.9\tex/latex/jknappen\m
athrsfs.sty"
Package: mathrsfs 1996/01/01 Math RSFS package v1.0 (jk)
\symrsfs=\mathgroup6
)
("E:\Users\Administrator\AppData\Local\Programs\MiKTeX 2.9\tex/latex/fundus-cal
ligra\calligra.sty"
Package: calligra 2012/04/10 v1.9 LaTeX package calligra
)
("E:\Users\Administrator\AppData\Local\Programs\MiKTeX 2.9\tex/latex/wasysym\wa
sysym.sty"
Package: wasysym 2003/10/30 v2.0 Wasy-2 symbol support package
\symwasy=\mathgroup7
LaTeX Font Info:    Overwriting symbol font `wasy' in version `bold'
(Font)                  U/wasy/m/n --> U/wasy/b/n on input line 90.
)
("E:\Users\Administrator\AppData\Local\Programs\MiKTeX 2.9\tex/latex/ms\ragged2
e.sty"
Package: ragged2e 2009/05/21 v2.1 ragged2e Package (MS)

("E:\Users\Administrator\AppData\Local\Programs\MiKTeX 2.9\tex/latex/ms\everyse
l.sty"
Package: everysel 2011/10/28 v1.2 EverySelectfont Package (MS)
)
\CenteringLeftskip=\skip46
\RaggedLeftLeftskip=\skip47
\RaggedRightLeftskip=\skip48
\CenteringRightskip=\skip49
\RaggedLeftRightskip=\skip50
\RaggedRightRightskip=\skip51
\CenteringParfillskip=\skip52
\RaggedLeftParfillskip=\skip53
\RaggedRightParfillskip=\skip54
\JustifyingParfillskip=\skip55
\CenteringParindent=\skip56
\RaggedLeftParindent=\skip57
\RaggedRightParindent=\skip58
\JustifyingParindent=\skip59
)
("E:\Users\Administrator\AppData\Local\Programs\MiKTeX 2.9\tex/latex/physics\ph
ysics.sty"
Package: physics 

("E:\Users\Administrator\AppData\Local\Programs\MiKTeX 2.9\tex/latex/l3packages
/xparse\xparse.sty"
("E:\Users\Administrator\AppData\Local\Programs\MiKTeX 2.9\tex/latex/l3kernel\e
xpl3.sty"
Package: expl3 2019-07-01 L3 programming layer (loader) 

("E:\Users\Administrator\AppData\Local\Programs\MiKTeX 2.9\tex/latex/l3kernel\e
xpl3-code.tex"
Package: expl3 2019-07-01 L3 programming layer (code)
\c_max_int=\count106
\l_tmpa_int=\count107
\l_tmpb_int=\count108
\g_tmpa_int=\count109
\g_tmpb_int=\count110
\g__kernel_prg_map_int=\count111
\c__ior_term_ior=\count112
\c_log_iow=\count113
\l_iow_line_count_int=\count114
\l__iow_line_target_int=\count115
\l__iow_one_indent_int=\count116
\l__iow_indent_int=\count117
\c_zero_dim=\dimen114
\c_max_dim=\dimen115
\l_tmpa_dim=\dimen116
\l_tmpb_dim=\dimen117
\g_tmpa_dim=\dimen118
\g_tmpb_dim=\dimen119
\c_zero_skip=\skip60
\c_max_skip=\skip61
\l_tmpa_skip=\skip62
\l_tmpb_skip=\skip63
\g_tmpa_skip=\skip64
\g_tmpb_skip=\skip65
\c_zero_muskip=\muskip11
\c_max_muskip=\muskip12
\l_tmpa_muskip=\muskip13
\l_tmpb_muskip=\muskip14
\g_tmpa_muskip=\muskip15
\g_tmpb_muskip=\muskip16
\l_keys_choice_int=\count118
\l__intarray_loop_int=\count119
\c__intarray_sp_dim=\dimen120
\g__intarray_font_int=\count120
\c__fp_leading_shift_int=\count121
\c__fp_middle_shift_int=\count122
\c__fp_trailing_shift_int=\count123
\c__fp_big_leading_shift_int=\count124
\c__fp_big_middle_shift_int=\count125
\c__fp_big_trailing_shift_int=\count126
\c__fp_Bigg_leading_shift_int=\count127
\c__fp_Bigg_middle_shift_int=\count128
\c__fp_Bigg_trailing_shift_int=\count129
\g__fp_array_int=\count130
\l__fp_array_loop_int=\count131
\l__sort_length_int=\count132
\l__sort_min_int=\count133
\l__sort_top_int=\count134
\l__sort_max_int=\count135
\l__sort_true_max_int=\count136
\l__sort_block_int=\count137
\l__sort_begin_int=\count138
\l__sort_end_int=\count139
\l__sort_A_int=\count140
\l__sort_B_int=\count141
\l__sort_C_int=\count142
\l__str_internal_int=\count143
\l__tl_analysis_normal_int=\count144
\l__tl_analysis_index_int=\count145
\l__tl_analysis_nesting_int=\count146
\l__tl_analysis_type_int=\count147
\l__regex_internal_a_int=\count148
\l__regex_internal_b_int=\count149
\l__regex_internal_c_int=\count150
\l__regex_balance_int=\count151
\l__regex_group_level_int=\count152
\l__regex_mode_int=\count153
\c__regex_cs_in_class_mode_int=\count154
\c__regex_cs_mode_int=\count155
\l__regex_catcodes_int=\count156
\l__regex_default_catcodes_int=\count157
\c__regex_catcode_L_int=\count158
\c__regex_catcode_O_int=\count159
\c__regex_catcode_A_int=\count160
\c__regex_all_catcodes_int=\count161
\l__regex_show_lines_int=\count162
\l__regex_min_state_int=\count163
\l__regex_max_state_int=\count164
\l__regex_left_state_int=\count165
\l__regex_right_state_int=\count166
\l__regex_capturing_group_int=\count167
\l__regex_min_pos_int=\count168
\l__regex_max_pos_int=\count169
\l__regex_curr_pos_int=\count170
\l__regex_start_pos_int=\count171
\l__regex_success_pos_int=\count172
\l__regex_curr_char_int=\count173
\l__regex_curr_catcode_int=\count174
\l__regex_last_char_int=\count175
\l__regex_case_changed_char_int=\count176
\l__regex_curr_state_int=\count177
\l__regex_step_int=\count178
\l__regex_min_active_int=\count179
\l__regex_max_active_int=\count180
\l__regex_replacement_csnames_int=\count181
\l__regex_match_count_int=\count182
\l__regex_min_submatch_int=\count183
\l__regex_submatch_int=\count184
\l__regex_zeroth_submatch_int=\count185
\g__regex_trace_regex_int=\count186
\c_empty_box=\box30
\l_tmpa_box=\box31
\l_tmpb_box=\box32
\g_tmpa_box=\box33
\g_tmpb_box=\box34
\l__box_top_dim=\dimen121
\l__box_bottom_dim=\dimen122
\l__box_left_dim=\dimen123
\l__box_right_dim=\dimen124
\l__box_top_new_dim=\dimen125
\l__box_bottom_new_dim=\dimen126
\l__box_left_new_dim=\dimen127
\l__box_right_new_dim=\dimen128
\l__box_internal_box=\box35
\l__coffin_internal_box=\box36
\l__coffin_internal_dim=\dimen129
\l__coffin_offset_x_dim=\dimen130
\l__coffin_offset_y_dim=\dimen131
\l__coffin_x_dim=\dimen132
\l__coffin_y_dim=\dimen133
\l__coffin_x_prime_dim=\dimen134
\l__coffin_y_prime_dim=\dimen135
\c_empty_coffin=\box37
\l__coffin_aligned_coffin=\box38
\l__coffin_aligned_internal_coffin=\box39
\l_tmpa_coffin=\box40
\l_tmpb_coffin=\box41
\g_tmpa_coffin=\box42
\g_tmpb_coffin=\box43
\l__coffin_bounding_shift_dim=\dimen136
\l__coffin_left_corner_dim=\dimen137
\l__coffin_right_corner_dim=\dimen138
\l__coffin_bottom_corner_dim=\dimen139
\l__coffin_top_corner_dim=\dimen140
\l__coffin_scaled_total_height_dim=\dimen141
\l__coffin_scaled_width_dim=\dimen142
\c__coffin_empty_coffin=\box44
\l__coffin_display_coffin=\box45
\l__coffin_display_coord_coffin=\box46
\l__coffin_display_pole_coffin=\box47
\l__coffin_display_offset_dim=\dimen143
\l__coffin_display_x_dim=\dimen144
\l__coffin_display_y_dim=\dimen145
\g__file_internal_ior=\read1
\l__seq_internal_a_int=\count187
\l__seq_internal_b_int=\count188
\c__deprecation_minus_one=\count189
)
("E:\Users\Administrator\AppData\Local\Programs\MiKTeX 2.9\tex/latex/l3backend\
l3backend-xdvipdfmx.def"
File: l3backend-xdvipdfmx.def 2019-04-06 v L3 Experimental backend support: xdv
ipdfmx
\g__graphics_track_int=\count190
\l__pdf_internal_box=\box48
\g__pdf_backend_object_int=\count191
\g__pdf_backend_annotation_int=\count192
))
Package: xparse 2019-05-28 L3 Experimental document command parser
\l__xparse_current_arg_int=\count193
\g__xparse_grabber_int=\count194
\l__xparse_m_args_int=\count195
\l__xparse_v_nesting_int=\count196
))
("E:\Users\Administrator\AppData\Local\Programs\MiKTeX 2.9\tex/latex/xcolor\xco
lor.sty"
Package: xcolor 2016/05/11 v2.12 LaTeX color extensions (UK)

("E:\Users\Administrator\AppData\Local\Programs\MiKTeX 2.9\tex/latex/graphics-c
fg\color.cfg"
File: color.cfg 2016/01/02 v1.6 sample color configuration
)
Package xcolor Info: Driver file: xetex.def on input line 225.

("E:\Users\Administrator\AppData\Local\Programs\MiKTeX 2.9\tex/latex/graphics-d
ef\xetex.def"
File: xetex.def 2017/06/24 v5.0h Graphics/color driver for xetex
)
Package xcolor Info: Model `cmy' substituted by `cmy0' on input line 1348.
Package xcolor Info: Model `RGB' extended on input line 1364.
Package xcolor Info: Model `HTML' substituted by `rgb' on input line 1366.
Package xcolor Info: Model `Hsb' substituted by `hsb' on input line 1367.
Package xcolor Info: Model `tHsb' substituted by `hsb' on input line 1368.
Package xcolor Info: Model `HSB' substituted by `hsb' on input line 1369.
Package xcolor Info: Model `Gray' substituted by `gray' on input line 1370.
Package xcolor Info: Model `wave' substituted by `hsb' on input line 1371.
)
("E:\Users\Administrator\AppData\Local\Programs\MiKTeX 2.9\tex/latex/microtype\
microtype.sty"
Package: microtype 2019/02/28 v2.7b Micro-typographical refinements (RS)
\MT@toks=\toks22
\MT@count=\count197
LaTeX Info: Redefining \textls on input line 790.
\MT@outer@kern=\dimen146
LaTeX Info: Redefining \textmicrotypecontext on input line 1336.
\MT@listname@count=\count198

("E:\Users\Administrator\AppData\Local\Programs\MiKTeX 2.9\tex/latex/microtype\
microtype-xetex.def"
File: microtype-xetex.def 2019/02/28 v2.7b Definitions specific to xetex (RS)
LaTeX Info: Redefining \lsstyle on input line 258.
)
Package microtype Info: Loading configuration file microtype.cfg.

("E:\Users\Administrator\AppData\Local\Programs\MiKTeX 2.9\tex/latex/microtype\
microtype.cfg"
File: microtype.cfg 2019/02/28 v2.7b microtype main configuration file (RS)
))
("E:\Users\Administrator\AppData\Local\Programs\MiKTeX 2.9\tex/latex/ctex\ctex.
sty"
Package: ctex 2019/05/29 v2.4.16 Chinese adapter in LaTeX (CTEX)

("E:\Users\Administrator\AppData\Local\Programs\MiKTeX 2.9\tex/latex/l3packages
/l3keys2e\l3keys2e.sty"
Package: l3keys2e 2019-05-28 LaTeX2e option processing using LaTeX3 keys
)
("E:\Users\Administrator\AppData\Local\Programs\MiKTeX 2.9\tex/latex/ctex\ctexh
ook.sty"
Package: ctexhook 2019/05/29 v2.4.16 Document and package hooks (CTEX)
)
("E:\Users\Administrator\AppData\Local\Programs\MiKTeX 2.9\tex/latex/ctex\ctexp
atch.sty"
Package: ctexpatch 2019/05/29 v2.4.16 Patching commands (CTEX)
)
("E:\Users\Administrator\AppData\Local\Programs\MiKTeX 2.9\tex/latex/base\fix-c
m.sty"
Package: fix-cm 2015/01/14 v1.1t fixes to LaTeX

("E:\Users\Administrator\AppData\Local\Programs\MiKTeX 2.9\tex/latex/base\ts1en
c.def"
File: ts1enc.def 2001/06/05 v3.0e (jk/car/fm) Standard LaTeX file
LaTeX Font Info:    Redeclaring font encoding TS1 on input line 47.
))
\l__ctex_tmp_int=\count199
\l__ctex_tmp_box=\box49
\l__ctex_tmp_dim=\dimen147
\g__ctex_section_depth_int=\count266
\g__ctex_font_size_int=\count267

("E:\Users\Administrator\AppData\Local\Programs\MiKTeX 2.9\tex/latex/ctex/confi
g\ctexopts.cfg"
File: ctexopts.cfg 2019/05/29 v2.4.16 Option configuration file (CTEX)
)
("E:\Users\Administrator\AppData\Local\Programs\MiKTeX 2.9\tex/latex/ctex/engin
e\ctex-engine-xetex.def"
File: ctex-engine-xetex.def 2019/05/29 v2.4.16 XeLaTeX adapter (CTEX)

("E:\Users\Administrator\AppData\Local\Programs\MiKTeX 2.9\tex/xelatex/xecjk\xe
CJK.sty"
Package: xeCJK 2019/06/02 v3.7.4 Typesetting CJK scripts with XeLaTeX

("E:\Users\Administrator\AppData\Local\Programs\MiKTeX 2.9\tex/latex/l3packages
/xtemplate\xtemplate.sty"
Package: xtemplate 2019-05-28 L3 Experimental prototype document functions
\l__xtemplate_tmp_dim=\dimen148
\l__xtemplate_tmp_int=\count268
\l__xtemplate_tmp_muskip=\muskip17
\l__xtemplate_tmp_skip=\skip66
)
\l__xeCJK_tmp_int=\count269
\l__xeCJK_tmp_box=\box50
\l__xeCJK_tmp_dim=\dimen149
\l__xeCJK_tmp_skip=\skip67
\g__xeCJK_space_factor_int=\count270
\l__xeCJK_begin_int=\count271
\l__xeCJK_end_int=\count272
\c__xeCJK_CJK_class_int=\XeTeXcharclass1
\c__xeCJK_FullLeft_class_int=\XeTeXcharclass2
\c__xeCJK_FullRight_class_int=\XeTeXcharclass3
\c__xeCJK_HalfLeft_class_int=\XeTeXcharclass4
\c__xeCJK_HalfRight_class_int=\XeTeXcharclass5
\c__xeCJK_NormalSpace_class_int=\XeTeXcharclass6
\c__xeCJK_CM_class_int=\XeTeXcharclass7
\c__xeCJK_HangulJamo_class_int=\XeTeXcharclass8
\l__xeCJK_last_skip=\skip68
\g__xeCJK_node_int=\count273
\c__xeCJK_CJK_node_dim=\dimen150
\c__xeCJK_CJK-space_node_dim=\dimen151
\c__xeCJK_default_node_dim=\dimen152
\c__xeCJK_default-space_node_dim=\dimen153
\c__xeCJK_CJK-widow_node_dim=\dimen154
\c__xeCJK_normalspace_node_dim=\dimen155
\l__xeCJK_ccglue_skip=\skip69
\l__xeCJK_ecglue_skip=\skip70
\l__xeCJK_punct_kern_skip=\skip71
\l__xeCJK_last_penalty_int=\count274
\l__xeCJK_last_bound_dim=\dimen156
\l__xeCJK_last_kern_dim=\dimen157
\l__xeCJK_widow_penalty_int=\count275

Package xtemplate Info: Declaring object type 'xeCJK/punctuation' taking 0
(xtemplate)             argument(s) on line 2323.

\l__xeCJK_fixed_punct_width_dim=\dimen158
\l__xeCJK_mixed_punct_width_dim=\dimen159
\l__xeCJK_middle_punct_width_dim=\dimen160
\l__xeCJK_fixed_margin_width_dim=\dimen161
\l__xeCJK_mixed_margin_width_dim=\dimen162
\l__xeCJK_middle_margin_width_dim=\dimen163
\l__xeCJK_bound_punct_width_dim=\dimen164
\l__xeCJK_bound_margin_width_dim=\dimen165
\l__xeCJK_margin_minimum_dim=\dimen166
\l__xeCJK_kerning_total_width_dim=\dimen167
\l__xeCJK_same_align_margin_dim=\dimen168
\l__xeCJK_different_align_margin_dim=\dimen169
\l__xeCJK_kerning_margin_width_dim=\dimen170
\l__xeCJK_kerning_margin_minimum_dim=\dimen171
\l__xeCJK_bound_dim=\dimen172
\l__xeCJK_reverse_bound_dim=\dimen173
\l__xeCJK_margin_dim=\dimen174
\l__xeCJK_minimum_bound_dim=\dimen175
\l__xeCJK_kerning_margin_dim=\dimen176
\g__xeCJK_family_int=\count276
\l__xeCJK_fam_int=\count277
\g__xeCJK_fam_allocation_int=\count278
\l__xeCJK_verb_case_int=\count279
\l__xeCJK_verb_exspace_skip=\skip72

("E:\Users\Administrator\AppData\Local\Programs\MiKTeX 2.9\tex/latex/fontspec\f
ontspec.sty"
Package: fontspec 2019/03/15 v2.7c Font selection for XeLaTeX and LuaLaTeX

("E:\Users\Administrator\AppData\Local\Programs\MiKTeX 2.9\tex/latex/fontspec\f
ontspec-xetex.sty"
Package: fontspec-xetex 2019/03/15 v2.7c Font selection for XeLaTeX and LuaLaTe
X
\l__fontspec_script_int=\count280
\l__fontspec_language_int=\count281
\l__fontspec_strnum_int=\count282
\l__fontspec_tmp_int=\count283
\l__fontspec_tmpa_int=\count284
\l__fontspec_tmpb_int=\count285
\l__fontspec_tmpc_int=\count286
\l__fontspec_em_int=\count287
\l__fontspec_emdef_int=\count288
\l__fontspec_strong_int=\count289
\l__fontspec_strongdef_int=\count290
\l__fontspec_tmpa_dim=\dimen177
\l__fontspec_tmpb_dim=\dimen178
\l__fontspec_tmpc_dim=\dimen179

("E:\Users\Administrator\AppData\Local\Programs\MiKTeX 2.9\tex/latex/base\fonte
nc.sty"
Package: fontenc 2018/08/11 v2.0j Standard LaTeX package

("E:\Users\Administrator\AppData\Local\Programs\MiKTeX 2.9\tex/latex/base\tuenc
.def"
File: tuenc.def 2018/08/11 v2.0j Standard LaTeX file
LaTeX Font Info:    Redeclaring font encoding TU on input line 82.
))
("E:\Users\Administrator\AppData\Local\Programs\MiKTeX 2.9\tex/latex/fontspec\f
ontspec.cfg")
LaTeX Info: Redefining \itshape on input line 4051.
LaTeX Info: Redefining \slshape on input line 4056.
LaTeX Info: Redefining \scshape on input line 4061.
LaTeX Info: Redefining \upshape on input line 4066.
LaTeX Info: Redefining \em on input line 4096.
LaTeX Info: Redefining \emph on input line 4121.
))
("E:\Users\Administrator\AppData\Local\Programs\MiKTeX 2.9\tex/xelatex/xecjk\xe
CJK.cfg"
File: xeCJK.cfg 2019/06/02 v3.7.4 Configuration file for xeCJK package
))
("E:\Users\Administrator\AppData\Local\Programs\MiKTeX 2.9\tex/xelatex/xecjk\xe
CJKfntef.sty"
Package: xeCJKfntef 2019/06/02 v3.7.4 xeCJK font effect

("E:\Users\Administrator\AppData\Local\Programs\MiKTeX 2.9\tex/latex/ulem\ulem.
sty"
\UL@box=\box51
\UL@hyphenbox=\box52
\UL@skip=\skip73
\UL@hook=\toks23
\UL@height=\dimen180
\UL@pe=\count291
\UL@pixel=\dimen181
\ULC@box=\box53
Package: ulem 2012/05/18
\ULdepth=\dimen182
)
("E:\Users\Administrator\AppData\Local\Programs\MiKTeX 2.9\tex/latex/cjk\CJKfnt
ef.sty"
Package: CJKfntef 2015/04/18 4.8.4
\CJK@fntefSkip=\skip74
\CJK@nest=\count292
\CJK@fntefDimen=\dimen183
\CJK@underdotBox=\box54
\CJK@ULbox=\box55
\CJK@underanyskip=\dimen184
)
\l__xeCJK_space_skip=\skip75
\c__xeCJK_ulem-begin_node_dim=\dimen185
\c__xeCJK_null_box=\box56
\l__xeCJK_fntef_box=\box57
\l__xeCJK_under_symbol_box=\box58
\c__xeCJK_filll_skip=\skip76
)
\ccwd=\dimen186
\l__ctex_ccglue_skip=\skip77
)
\l__ctex_ziju_dim=\dimen187

("E:\Users\Administrator\AppData\Local\Programs\MiKTeX 2.9\tex/latex/zhnumber\z
hnumber.sty"
Package: zhnumber 2019/04/07 v2.7 Typesetting numbers with Chinese glyphs
\l__zhnum_scale_int=\count293

("E:\Users\Administrator\AppData\Local\Programs\MiKTeX 2.9\tex/latex/zhnumber\z
hnumber-utf8.cfg"
File: zhnumber-utf8.cfg 2019/04/07 v2.7 Chinese numerals with UTF8 encoding
))
("E:\Users\Administrator\AppData\Local\Programs\MiKTeX 2.9\tex/latex/ctex/schem
e\ctex-scheme-chinese.def"
File: ctex-scheme-chinese.def 2019/05/29 v2.4.16 Chinese scheme for generic (CT
EX)

("E:\Users\Administrator\AppData\Local\Programs\MiKTeX 2.9\tex/latex/ctex/confi
g\ctex-name-utf8.cfg"
File: ctex-name-utf8.cfg 2019/05/29 v2.4.16 Caption with encoding UTF8 (CTEX)
))
("E:\Users\Administrator\AppData\Local\Programs\MiKTeX 2.9\tex/latex/tools\inde
ntfirst.sty"
Package: indentfirst 1995/11/23 v1.03 Indent first paragraph (DPC)
)
("E:\Users\Administrator\AppData\Local\Programs\MiKTeX 2.9\tex/latex/ctex\ctex-
c5size.clo"
File: ctex-c5size.clo 2019/05/29 v2.4.16 c5size option (CTEX)
)
("E:\Users\Administrator\AppData\Local\Programs\MiKTeX 2.9\tex/latex/ctex/fonts
et\ctex-fontset-windows.def"
File: ctex-fontset-windows.def 2019/05/29 v2.4.16 Windows fonts definition (CTE
X)

("E:\Users\Administrator\AppData\Local\Programs\MiKTeX 2.9\tex/latex/ctex/fonts
et\ctex-fontset-windowsnew.def"
File: ctex-fontset-windowsnew.def 2019/05/29 v2.4.16 Windows fonts definition f
or Vista or later version (CTEX)

Package fontspec Info: Could not resolve font "KaiTi/B" (it probably doesn't
(fontspec)             exist).


Package fontspec Info: Could not resolve font "SimHei/I" (it probably doesn't
(fontspec)             exist).


Package fontspec Info: Could not resolve font "SimSun/BI" (it probably doesn't
(fontspec)             exist).


Package fontspec Info: Font family 'SimSun(0)' created for font 'SimSun' with
(fontspec)             options
(fontspec)             [Script={CJK},BoldFont={SimHei},ItalicFont={KaiTi}].
(fontspec)              
(fontspec)              This font family consists of the following NFSS
(fontspec)             series/shapes:
(fontspec)              
(fontspec)             - 'normal' (m/n) with NFSS spec.:
(fontspec)             <->"SimSun/OT:script=hani;language=DFLT;"
(fontspec)             - 'small caps'  (m/sc) with NFSS spec.: 
(fontspec)             - 'bold' (bx/n) with NFSS spec.:
(fontspec)             <->"SimHei/OT:script=hani;language=DFLT;"
(fontspec)             - 'bold small caps'  (bx/sc) with NFSS spec.: 
(fontspec)             - 'italic' (m/it) with NFSS spec.:
(fontspec)             <->"KaiTi/OT:script=hani;language=DFLT;"
(fontspec)             - 'italic small caps'  (m/itsc) with NFSS spec.: 

)))
("E:\Users\Administrator\AppData\Local\Programs\MiKTeX 2.9\tex/latex/ctex/confi
g\ctex.cfg"
File: ctex.cfg 2019/05/29 v2.4.16 Configuration file (CTEX)
)
No file e2515bbe19034fca.aux.
\openout1 = `e2515bbe19034fca.aux'.

LaTeX Font Info:    Checking defaults for OML/cmm/m/it on input line 22.
LaTeX Font Info:    ... okay on input line 22.
LaTeX Font Info:    Checking defaults for T1/cmr/m/n on input line 22.
LaTeX Font Info:    ... okay on input line 22.
LaTeX Font Info:    Checking defaults for OT1/cmr/m/n on input line 22.
LaTeX Font Info:    ... okay on input line 22.
LaTeX Font Info:    Checking defaults for OMS/cmsy/m/n on input line 22.
LaTeX Font Info:    ... okay on input line 22.
LaTeX Font Info:    Checking defaults for TU/lmr/m/n on input line 22.
LaTeX Font Info:    ... okay on input line 22.
LaTeX Font Info:    Checking defaults for OMX/cmex/m/n on input line 22.
LaTeX Font Info:    ... okay on input line 22.
LaTeX Font Info:    Checking defaults for U/cmr/m/n on input line 22.
LaTeX Font Info:    ... okay on input line 22.
LaTeX Font Info:    Checking defaults for T3/cmr/m/n on input line 22.
LaTeX Font Info:    Try loading font information for T3+cmr on input line 22.

("E:\Users\Administrator\AppData\Local\Programs\MiKTeX 2.9\tex/latex/tipa\t3cmr
.fd"
File: t3cmr.fd 2001/12/31 TIPA font definitions
)
LaTeX Font Info:    ... okay on input line 22.
LaTeX Font Info:    Checking defaults for TS1/cmr/m/n on input line 22.
LaTeX Font Info:    ... okay on input line 22.
Preview: Fontsize 10.53937pt
Preview: PDFoutput 1
ABD: EverySelectfont initializing macros
LaTeX Info: Redefining \selectfont on input line 22.
LaTeX Info: Redefining \microtypecontext on input line 22.
Package microtype Info: Character protrusion enabled (level 2).
Package microtype Info: Using default protrusion set `alltext'.
Package microtype Info: No adjustment of tracking.
Package microtype Info: No adjustment of spacing.
Package microtype Info: No adjustment of kerning.

("E:\Users\Administrator\AppData\Local\Programs\MiKTeX 2.9\tex/latex/microtype\
mt-LatinModernRoman.cfg"
File: mt-LatinModernRoman.cfg 2013/03/13 v1.0 microtype config. file: Latin Mod
ern Roman (RS)
)

Package fontspec Info: Adjusting the maths setup (use [no-math] to avoid
(fontspec)             this).

\symlegacymaths=\mathgroup8
LaTeX Font Info:    Overwriting symbol font `legacymaths' in version `bold'
(Font)                  OT1/cmr/m/n --> OT1/cmr/bx/n on input line 22.
LaTeX Font Info:    Redeclaring math accent \acute on input line 22.
LaTeX Font Info:    Redeclaring math accent \grave on input line 22.
LaTeX Font Info:    Redeclaring math accent \ddot on input line 22.
LaTeX Font Info:    Redeclaring math accent \tilde on input line 22.
LaTeX Font Info:    Redeclaring math accent \bar on input line 22.
LaTeX Font Info:    Redeclaring math accent \breve on input line 22.
LaTeX Font Info:    Redeclaring math accent \check on input line 22.
LaTeX Font Info:    Redeclaring math accent \hat on input line 22.
LaTeX Font Info:    Redeclaring math accent \dot on input line 22.
LaTeX Font Info:    Redeclaring math accent \mathring on input line 22.
LaTeX Font Info:    Redeclaring math symbol \Gamma on input line 22.
LaTeX Font Info:    Redeclaring math symbol \Delta on input line 22.
LaTeX Font Info:    Redeclaring math symbol \Theta on input line 22.
LaTeX Font Info:    Redeclaring math symbol \Lambda on input line 22.
LaTeX Font Info:    Redeclaring math symbol \Xi on input line 22.
LaTeX Font Info:    Redeclaring math symbol \Pi on input line 22.
LaTeX Font Info:    Redeclaring math symbol \Sigma on input line 22.
LaTeX Font Info:    Redeclaring math symbol \Upsilon on input line 22.
LaTeX Font Info:    Redeclaring math symbol \Phi on input line 22.
LaTeX Font Info:    Redeclaring math symbol \Psi on input line 22.
LaTeX Font Info:    Redeclaring math symbol \Omega on input line 22.
LaTeX Font Info:    Redeclaring math symbol \mathdollar on input line 22.
LaTeX Font Info:    Redeclaring symbol font `operators' on input line 22.
LaTeX Font Info:    Encoding `OT1' has changed to `TU' for symbol font
(Font)              `operators' in the math version `normal' on input line 22.
LaTeX Font Info:    Overwriting symbol font `operators' in version `normal'
(Font)                  OT1/cmr/m/n --> TU/lmr/m/n on input line 22.
LaTeX Font Info:    Encoding `OT1' has changed to `TU' for symbol font
(Font)              `operators' in the math version `bold' on input line 22.
LaTeX Font Info:    Overwriting symbol font `operators' in version `bold'
(Font)                  OT1/cmr/bx/n --> TU/lmr/m/n on input line 22.
LaTeX Font Info:    Overwriting symbol font `operators' in version `normal'
(Font)                  TU/lmr/m/n --> TU/lmr/m/n on input line 22.
LaTeX Font Info:    Overwriting math alphabet `\mathit' in version `normal'
(Font)                  OT1/cmr/m/it --> TU/lmr/m/it on input line 22.
LaTeX Font Info:    Overwriting math alphabet `\mathbf' in version `normal'
(Font)                  OT1/cmr/bx/n --> TU/lmr/bx/n on input line 22.
LaTeX Font Info:    Overwriting math alphabet `\mathsf' in version `normal'
(Font)                  OT1/cmss/m/n --> TU/lmss/m/n on input line 22.
LaTeX Font Info:    Overwriting math alphabet `\mathtt' in version `normal'
(Font)                  OT1/cmtt/m/n --> TU/lmtt/m/n on input line 22.
LaTeX Font Info:    Overwriting symbol font `operators' in version `bold'
(Font)                  TU/lmr/m/n --> TU/lmr/bx/n on input line 22.
LaTeX Font Info:    Overwriting math alphabet `\mathit' in version `bold'
(Font)                  OT1/cmr/bx/it --> TU/lmr/bx/it on input line 22.
LaTeX Font Info:    Overwriting math alphabet `\mathsf' in version `bold'
(Font)                  OT1/cmss/bx/n --> TU/lmss/bx/n on input line 22.
LaTeX Font Info:    Overwriting math alphabet `\mathtt' in version `bold'
(Font)                  OT1/cmtt/m/n --> TU/lmtt/bx/n on input line 22.
Preview: Tightpage 0 0 0 0
[1] (E:\GitHub\manim\manim-master\media\Tex\e2515bbe19034fca.aux) ) 
Here is how much of TeX's memory you used:
 21478 strings out of 427669
 445236 string characters out of 3143328
 554157 words of memory out of 3000000
 25332 multiletter control sequences out of 15000+200000
 532556 words of font info for 39 fonts, out of 3000000 for 9000
 1348 hyphenation exceptions out of 8191
 54i,1n,68p,382b,446s stack positions out of 5000i,500n,10000p,200000b,50000s

Output written on E:\GitHub\manim\manim-master\media\Tex\e2515bbe19034fca.xdv (
1 page, 612 bytes).
