PART_DIRS = ['E:\\GitHub\\manim\\manim-master\\media\\videos\\Interpolation\\1440p60\\partial_movie_files\\SolveFunctionsRegular']
Using file at E:\GitHub\manim\manim-master\media\videos\Interpolation\1440p60\partial_movie_files\SolveFunctionsRegular\00000.mp4
	Grabbed timing element, timing_ex = <Element {http://schemas.openxmlformats.org/presentationml/2006/main}timing at 0x219312dcbd8>
	Generating video thumbnail...
	Thumbnail saved at E:\GitHub\manim\manim-master\manimlib\..\addons\pptx_export\temporary\00000.png
	Added clip to slide
	Clip id = 2
	Using timing_ex as template...
	Added timing to slide, timing = <Element {http://schemas.openxmlformats.org/presentationml/2006/main}timing at 0x219312dcbd8>
	PPTX saved to E:\GitHub\manim\manim-master\media\videos\Interpolation\1440p60\SolveFunctionsRegular.pptx
Using file at E:\GitHub\manim\manim-master\media\videos\Interpolation\1440p60\partial_movie_files\SolveFunctionsRegular\00001.mp4
	Grabbed timing element, timing_ex = <Element {http://schemas.openxmlformats.org/presentationml/2006/main}timing at 0x219312e1318>
	Generating video thumbnail...
	Thumbnail saved at E:\GitHub\manim\manim-master\manimlib\..\addons\pptx_export\temporary\00001.png
	Added clip to slide
	Clip id = 2
	Using timing_ex as template...
	Added timing to slide, timing = <Element {http://schemas.openxmlformats.org/presentationml/2006/main}timing at 0x219312e1318>
	PPTX saved to E:\GitHub\manim\manim-master\media\videos\Interpolation\1440p60\SolveFunctionsRegular.pptx
Using file at E:\GitHub\manim\manim-master\media\videos\Interpolation\1440p60\partial_movie_files\SolveFunctionsRegular\00002.mp4
	Grabbed timing element, timing_ex = <Element {http://schemas.openxmlformats.org/presentationml/2006/main}timing at 0x21931292868>
	Generating video thumbnail...
	Thumbnail saved at E:\GitHub\manim\manim-master\manimlib\..\addons\pptx_export\temporary\00002.png
	Added clip to slide
	Clip id = 2
	Using timing_ex as template...
	Added timing to slide, timing = <Element {http://schemas.openxmlformats.org/presentationml/2006/main}timing at 0x21931292868>
	PPTX saved to E:\GitHub\manim\manim-master\media\videos\Interpolation\1440p60\SolveFunctionsRegular.pptx
Using file at E:\GitHub\manim\manim-master\media\videos\Interpolation\1440p60\partial_movie_files\SolveFunctionsRegular\00003.mp4
	Grabbed timing element, timing_ex = <Element {http://schemas.openxmlformats.org/presentationml/2006/main}timing at 0x219312eeb88>
	Generating video thumbnail...
	Thumbnail saved at E:\GitHub\manim\manim-master\manimlib\..\addons\pptx_export\temporary\00003.png
	Added clip to slide
	Clip id = 2
	Using timing_ex as template...
	Added timing to slide, timing = <Element {http://schemas.openxmlformats.org/presentationml/2006/main}timing at 0x219312eeb88>
	PPTX saved to E:\GitHub\manim\manim-master\media\videos\Interpolation\1440p60\SolveFunctionsRegular.pptx
Using file at E:\GitHub\manim\manim-master\media\videos\Interpolation\1440p60\partial_movie_files\SolveFunctionsRegular\00004.mp4
	Grabbed timing element, timing_ex = <Element {http://schemas.openxmlformats.org/presentationml/2006/main}timing at 0x219312d5ea8>
	Generating video thumbnail...
	Thumbnail saved at E:\GitHub\manim\manim-master\manimlib\..\addons\pptx_export\temporary\00004.png
	Added clip to slide
	Clip id = 2
	Using timing_ex as template...
	Added timing to slide, timing = <Element {http://schemas.openxmlformats.org/presentationml/2006/main}timing at 0x219312d5ea8>
	PPTX saved to E:\GitHub\manim\manim-master\media\videos\Interpolation\1440p60\SolveFunctionsRegular.pptx
Using file at E:\GitHub\manim\manim-master\media\videos\Interpolation\1440p60\partial_movie_files\SolveFunctionsRegular\00005.mp4
	Grabbed timing element, timing_ex = <Element {http://schemas.openxmlformats.org/presentationml/2006/main}timing at 0x21931292408>
	Generating video thumbnail...
	Thumbnail saved at E:\GitHub\manim\manim-master\manimlib\..\addons\pptx_export\temporary\00005.png
	Added clip to slide
	Clip id = 2
	Using timing_ex as template...
	Added timing to slide, timing = <Element {http://schemas.openxmlformats.org/presentationml/2006/main}timing at 0x21931292408>
	PPTX saved to E:\GitHub\manim\manim-master\media\videos\Interpolation\1440p60\SolveFunctionsRegular.pptx
Using file at E:\GitHub\manim\manim-master\media\videos\Interpolation\1440p60\partial_movie_files\SolveFunctionsRegular\00006.mp4
	Grabbed timing element, timing_ex = <Element {http://schemas.openxmlformats.org/presentationml/2006/main}timing at 0x219312982c8>
	Generating video thumbnail...
	Thumbnail saved at E:\GitHub\manim\manim-master\manimlib\..\addons\pptx_export\temporary\00006.png
	Added clip to slide
	Clip id = 2
	Using timing_ex as template...
	Added timing to slide, timing = <Element {http://schemas.openxmlformats.org/presentationml/2006/main}timing at 0x219312982c8>
	PPTX saved to E:\GitHub\manim\manim-master\media\videos\Interpolation\1440p60\SolveFunctionsRegular.pptx
Using file at E:\GitHub\manim\manim-master\media\videos\Interpolation\1440p60\partial_movie_files\SolveFunctionsRegular\00007.mp4
	Grabbed timing element, timing_ex = <Element {http://schemas.openxmlformats.org/presentationml/2006/main}timing at 0x219312eee08>
	Generating video thumbnail...
	Thumbnail saved at E:\GitHub\manim\manim-master\manimlib\..\addons\pptx_export\temporary\00007.png
	Added clip to slide
	Clip id = 2
	Using timing_ex as template...
	Added timing to slide, timing = <Element {http://schemas.openxmlformats.org/presentationml/2006/main}timing at 0x219312eee08>
	PPTX saved to E:\GitHub\manim\manim-master\media\videos\Interpolation\1440p60\SolveFunctionsRegular.pptx
Using file at E:\GitHub\manim\manim-master\media\videos\Interpolation\1440p60\partial_movie_files\SolveFunctionsRegular\00008.mp4
	Grabbed timing element, timing_ex = <Element {http://schemas.openxmlformats.org/presentationml/2006/main}timing at 0x219312ebea8>
	Generating video thumbnail...
	Thumbnail saved at E:\GitHub\manim\manim-master\manimlib\..\addons\pptx_export\temporary\00008.png
	Added clip to slide
	Clip id = 2
	Using timing_ex as template...
	Added timing to slide, timing = <Element {http://schemas.openxmlformats.org/presentationml/2006/main}timing at 0x219312ebea8>
	PPTX saved to E:\GitHub\manim\manim-master\media\videos\Interpolation\1440p60\SolveFunctionsRegular.pptx
Using file at E:\GitHub\manim\manim-master\media\videos\Interpolation\1440p60\partial_movie_files\SolveFunctionsRegular\00009.mp4
	Grabbed timing element, timing_ex = <Element {http://schemas.openxmlformats.org/presentationml/2006/main}timing at 0x219312d5f98>
	Generating video thumbnail...
	Thumbnail saved at E:\GitHub\manim\manim-master\manimlib\..\addons\pptx_export\temporary\00009.png
	Added clip to slide
	Clip id = 2
	Using timing_ex as template...
	Added timing to slide, timing = <Element {http://schemas.openxmlformats.org/presentationml/2006/main}timing at 0x219312d5f98>
	PPTX saved to E:\GitHub\manim\manim-master\media\videos\Interpolation\1440p60\SolveFunctionsRegular.pptx
Using file at E:\GitHub\manim\manim-master\media\videos\Interpolation\1440p60\partial_movie_files\SolveFunctionsRegular\00010.mp4
	Grabbed timing element, timing_ex = <Element {http://schemas.openxmlformats.org/presentationml/2006/main}timing at 0x219312ee368>
	Generating video thumbnail...
	Thumbnail saved at E:\GitHub\manim\manim-master\manimlib\..\addons\pptx_export\temporary\00010.png
	Added clip to slide
	Clip id = 2
	Using timing_ex as template...
	Added timing to slide, timing = <Element {http://schemas.openxmlformats.org/presentationml/2006/main}timing at 0x219312ee368>
	PPTX saved to E:\GitHub\manim\manim-master\media\videos\Interpolation\1440p60\SolveFunctionsRegular.pptx
Using file at E:\GitHub\manim\manim-master\media\videos\Interpolation\1440p60\partial_movie_files\SolveFunctionsRegular\00011.mp4
	Grabbed timing element, timing_ex = <Element {http://schemas.openxmlformats.org/presentationml/2006/main}timing at 0x219312eec28>
	Generating video thumbnail...
	Thumbnail saved at E:\GitHub\manim\manim-master\manimlib\..\addons\pptx_export\temporary\00011.png
	Added clip to slide
	Clip id = 2
	Using timing_ex as template...
	Added timing to slide, timing = <Element {http://schemas.openxmlformats.org/presentationml/2006/main}timing at 0x219312eec28>
	PPTX saved to E:\GitHub\manim\manim-master\media\videos\Interpolation\1440p60\SolveFunctionsRegular.pptx
Using file at E:\GitHub\manim\manim-master\media\videos\Interpolation\1440p60\partial_movie_files\SolveFunctionsRegular\00012.mp4
	Grabbed timing element, timing_ex = <Element {http://schemas.openxmlformats.org/presentationml/2006/main}timing at 0x219312e6688>
	Generating video thumbnail...
	Thumbnail saved at E:\GitHub\manim\manim-master\manimlib\..\addons\pptx_export\temporary\00012.png
	Added clip to slide
	Clip id = 2
	Using timing_ex as template...
	Added timing to slide, timing = <Element {http://schemas.openxmlformats.org/presentationml/2006/main}timing at 0x219312e6688>
	PPTX saved to E:\GitHub\manim\manim-master\media\videos\Interpolation\1440p60\SolveFunctionsRegular.pptx
Using file at E:\GitHub\manim\manim-master\media\videos\Interpolation\1440p60\partial_movie_files\SolveFunctionsRegular\00013.mp4
	Grabbed timing element, timing_ex = <Element {http://schemas.openxmlformats.org/presentationml/2006/main}timing at 0x219312d5c28>
	Generating video thumbnail...
	Thumbnail saved at E:\GitHub\manim\manim-master\manimlib\..\addons\pptx_export\temporary\00013.png
	Added clip to slide
	Clip id = 2
	Using timing_ex as template...
	Added timing to slide, timing = <Element {http://schemas.openxmlformats.org/presentationml/2006/main}timing at 0x219312d5c28>
	PPTX saved to E:\GitHub\manim\manim-master\media\videos\Interpolation\1440p60\SolveFunctionsRegular.pptx
Using file at E:\GitHub\manim\manim-master\media\videos\Interpolation\1440p60\partial_movie_files\SolveFunctionsRegular\00014.mp4
	Grabbed timing element, timing_ex = <Element {http://schemas.openxmlformats.org/presentationml/2006/main}timing at 0x219312e1ef8>
	Generating video thumbnail...
	Thumbnail saved at E:\GitHub\manim\manim-master\manimlib\..\addons\pptx_export\temporary\00014.png
	Added clip to slide
	Clip id = 2
	Using timing_ex as template...
	Added timing to slide, timing = <Element {http://schemas.openxmlformats.org/presentationml/2006/main}timing at 0x219312e1ef8>
	PPTX saved to E:\GitHub\manim\manim-master\media\videos\Interpolation\1440p60\SolveFunctionsRegular.pptx
Using file at E:\GitHub\manim\manim-master\media\videos\Interpolation\1440p60\partial_movie_files\SolveFunctionsRegular\00015.mp4
	Grabbed timing element, timing_ex = <Element {http://schemas.openxmlformats.org/presentationml/2006/main}timing at 0x219312ee9f8>
	Generating video thumbnail...
	Thumbnail saved at E:\GitHub\manim\manim-master\manimlib\..\addons\pptx_export\temporary\00015.png
	Added clip to slide
	Clip id = 2
	Using timing_ex as template...
	Added timing to slide, timing = <Element {http://schemas.openxmlformats.org/presentationml/2006/main}timing at 0x219312ee9f8>
	PPTX saved to E:\GitHub\manim\manim-master\media\videos\Interpolation\1440p60\SolveFunctionsRegular.pptx
Using file at E:\GitHub\manim\manim-master\media\videos\Interpolation\1440p60\partial_movie_files\SolveFunctionsRegular\00016.mp4
	Grabbed timing element, timing_ex = <Element {http://schemas.openxmlformats.org/presentationml/2006/main}timing at 0x219312db368>
	Generating video thumbnail...
	Thumbnail saved at E:\GitHub\manim\manim-master\manimlib\..\addons\pptx_export\temporary\00016.png
	Added clip to slide
	Clip id = 2
	Using timing_ex as template...
	Added timing to slide, timing = <Element {http://schemas.openxmlformats.org/presentationml/2006/main}timing at 0x219312db368>
	PPTX saved to E:\GitHub\manim\manim-master\media\videos\Interpolation\1440p60\SolveFunctionsRegular.pptx
Using file at E:\GitHub\manim\manim-master\media\videos\Interpolation\1440p60\partial_movie_files\SolveFunctionsRegular\00017.mp4
	Grabbed timing element, timing_ex = <Element {http://schemas.openxmlformats.org/presentationml/2006/main}timing at 0x219312ed318>
	Generating video thumbnail...
	Thumbnail saved at E:\GitHub\manim\manim-master\manimlib\..\addons\pptx_export\temporary\00017.png
	Added clip to slide
	Clip id = 2
	Using timing_ex as template...
	Added timing to slide, timing = <Element {http://schemas.openxmlformats.org/presentationml/2006/main}timing at 0x219312ed318>
	PPTX saved to E:\GitHub\manim\manim-master\media\videos\Interpolation\1440p60\SolveFunctionsRegular.pptx
Using file at E:\GitHub\manim\manim-master\media\videos\Interpolation\1440p60\partial_movie_files\SolveFunctionsRegular\00018.mp4
	Grabbed timing element, timing_ex = <Element {http://schemas.openxmlformats.org/presentationml/2006/main}timing at 0x219312419f8>
	Generating video thumbnail...
	Thumbnail saved at E:\GitHub\manim\manim-master\manimlib\..\addons\pptx_export\temporary\00018.png
	Added clip to slide
	Clip id = 2
	Using timing_ex as template...
	Added timing to slide, timing = <Element {http://schemas.openxmlformats.org/presentationml/2006/main}timing at 0x219312419f8>
	PPTX saved to E:\GitHub\manim\manim-master\media\videos\Interpolation\1440p60\SolveFunctionsRegular.pptx
Using file at E:\GitHub\manim\manim-master\media\videos\Interpolation\1440p60\partial_movie_files\SolveFunctionsRegular\00019.mp4
	Grabbed timing element, timing_ex = <Element {http://schemas.openxmlformats.org/presentationml/2006/main}timing at 0x219312e60e8>
	Generating video thumbnail...
	Thumbnail saved at E:\GitHub\manim\manim-master\manimlib\..\addons\pptx_export\temporary\00019.png
	Added clip to slide
	Clip id = 2
	Using timing_ex as template...
	Added timing to slide, timing = <Element {http://schemas.openxmlformats.org/presentationml/2006/main}timing at 0x219312e60e8>
	PPTX saved to E:\GitHub\manim\manim-master\media\videos\Interpolation\1440p60\SolveFunctionsRegular.pptx
Using file at E:\GitHub\manim\manim-master\media\videos\Interpolation\1440p60\partial_movie_files\SolveFunctionsRegular\00020.mp4
	Grabbed timing element, timing_ex = <Element {http://schemas.openxmlformats.org/presentationml/2006/main}timing at 0x219312d9cc8>
	Generating video thumbnail...
	Thumbnail saved at E:\GitHub\manim\manim-master\manimlib\..\addons\pptx_export\temporary\00020.png
	Added clip to slide
	Clip id = 2
	Using timing_ex as template...
	Added timing to slide, timing = <Element {http://schemas.openxmlformats.org/presentationml/2006/main}timing at 0x219312d9cc8>
	PPTX saved to E:\GitHub\manim\manim-master\media\videos\Interpolation\1440p60\SolveFunctionsRegular.pptx
Using file at E:\GitHub\manim\manim-master\media\videos\Interpolation\1440p60\partial_movie_files\SolveFunctionsRegular\00021.mp4
	Grabbed timing element, timing_ex = <Element {http://schemas.openxmlformats.org/presentationml/2006/main}timing at 0x21931287598>
	Generating video thumbnail...
	Thumbnail saved at E:\GitHub\manim\manim-master\manimlib\..\addons\pptx_export\temporary\00021.png
	Added clip to slide
	Clip id = 2
	Using timing_ex as template...
	Added timing to slide, timing = <Element {http://schemas.openxmlformats.org/presentationml/2006/main}timing at 0x21931287598>
	PPTX saved to E:\GitHub\manim\manim-master\media\videos\Interpolation\1440p60\SolveFunctionsRegular.pptx
Using file at E:\GitHub\manim\manim-master\media\videos\Interpolation\1440p60\partial_movie_files\SolveFunctionsRegular\00022.mp4
	Grabbed timing element, timing_ex = <Element {http://schemas.openxmlformats.org/presentationml/2006/main}timing at 0x219312ced18>
	Generating video thumbnail...
	Thumbnail saved at E:\GitHub\manim\manim-master\manimlib\..\addons\pptx_export\temporary\00022.png
	Added clip to slide
	Clip id = 2
	Using timing_ex as template...
	Added timing to slide, timing = <Element {http://schemas.openxmlformats.org/presentationml/2006/main}timing at 0x219312ced18>
	PPTX saved to E:\GitHub\manim\manim-master\media\videos\Interpolation\1440p60\SolveFunctionsRegular.pptx
Using file at E:\GitHub\manim\manim-master\media\videos\Interpolation\1440p60\partial_movie_files\SolveFunctionsRegular\00023.mp4
	Grabbed timing element, timing_ex = <Element {http://schemas.openxmlformats.org/presentationml/2006/main}timing at 0x219312e6ae8>
	Generating video thumbnail...
	Thumbnail saved at E:\GitHub\manim\manim-master\manimlib\..\addons\pptx_export\temporary\00023.png
	Added clip to slide
	Clip id = 2
	Using timing_ex as template...
	Added timing to slide, timing = <Element {http://schemas.openxmlformats.org/presentationml/2006/main}timing at 0x219312e6ae8>
	PPTX saved to E:\GitHub\manim\manim-master\media\videos\Interpolation\1440p60\SolveFunctionsRegular.pptx
Using file at E:\GitHub\manim\manim-master\media\videos\Interpolation\1440p60\partial_movie_files\SolveFunctionsRegular\00024.mp4
	Grabbed timing element, timing_ex = <Element {http://schemas.openxmlformats.org/presentationml/2006/main}timing at 0x219313080e8>
	Generating video thumbnail...
	Thumbnail saved at E:\GitHub\manim\manim-master\manimlib\..\addons\pptx_export\temporary\00024.png
	Added clip to slide
	Clip id = 2
	Using timing_ex as template...
	Added timing to slide, timing = <Element {http://schemas.openxmlformats.org/presentationml/2006/main}timing at 0x219313080e8>
	PPTX saved to E:\GitHub\manim\manim-master\media\videos\Interpolation\1440p60\SolveFunctionsRegular.pptx
Using file at E:\GitHub\manim\manim-master\media\videos\Interpolation\1440p60\partial_movie_files\SolveFunctionsRegular\00025.mp4
	Grabbed timing element, timing_ex = <Element {http://schemas.openxmlformats.org/presentationml/2006/main}timing at 0x219312ed548>
	Generating video thumbnail...
	Thumbnail saved at E:\GitHub\manim\manim-master\manimlib\..\addons\pptx_export\temporary\00025.png
	Added clip to slide
	Clip id = 2
	Using timing_ex as template...
	Added timing to slide, timing = <Element {http://schemas.openxmlformats.org/presentationml/2006/main}timing at 0x219312ed548>
	PPTX saved to E:\GitHub\manim\manim-master\media\videos\Interpolation\1440p60\SolveFunctionsRegular.pptx
Using file at E:\GitHub\manim\manim-master\media\videos\Interpolation\1440p60\partial_movie_files\SolveFunctionsRegular\00026.mp4
	Grabbed timing element, timing_ex = <Element {http://schemas.openxmlformats.org/presentationml/2006/main}timing at 0x21931305b88>
	Generating video thumbnail...
	Thumbnail saved at E:\GitHub\manim\manim-master\manimlib\..\addons\pptx_export\temporary\00026.png
	Added clip to slide
	Clip id = 2
	Using timing_ex as template...
	Added timing to slide, timing = <Element {http://schemas.openxmlformats.org/presentationml/2006/main}timing at 0x21931305b88>
	PPTX saved to E:\GitHub\manim\manim-master\media\videos\Interpolation\1440p60\SolveFunctionsRegular.pptx
Using file at E:\GitHub\manim\manim-master\media\videos\Interpolation\1440p60\partial_movie_files\SolveFunctionsRegular\00027.mp4
	Grabbed timing element, timing_ex = <Element {http://schemas.openxmlformats.org/presentationml/2006/main}timing at 0x219312d5778>
	Generating video thumbnail...
	Thumbnail saved at E:\GitHub\manim\manim-master\manimlib\..\addons\pptx_export\temporary\00027.png
	Added clip to slide
	Clip id = 2
	Using timing_ex as template...
	Added timing to slide, timing = <Element {http://schemas.openxmlformats.org/presentationml/2006/main}timing at 0x219312d5778>
	PPTX saved to E:\GitHub\manim\manim-master\media\videos\Interpolation\1440p60\SolveFunctionsRegular.pptx
Using file at E:\GitHub\manim\manim-master\media\videos\Interpolation\1440p60\partial_movie_files\SolveFunctionsRegular\00028.mp4
	Grabbed timing element, timing_ex = <Element {http://schemas.openxmlformats.org/presentationml/2006/main}timing at 0x219315bc598>
	Generating video thumbnail...
	Thumbnail saved at E:\GitHub\manim\manim-master\manimlib\..\addons\pptx_export\temporary\00028.png
	Added clip to slide
	Clip id = 2
	Using timing_ex as template...
	Added timing to slide, timing = <Element {http://schemas.openxmlformats.org/presentationml/2006/main}timing at 0x219315bc598>
	PPTX saved to E:\GitHub\manim\manim-master\media\videos\Interpolation\1440p60\SolveFunctionsRegular.pptx
Using file at E:\GitHub\manim\manim-master\media\videos\Interpolation\1440p60\partial_movie_files\SolveFunctionsRegular\00029.mp4
	Grabbed timing element, timing_ex = <Element {http://schemas.openxmlformats.org/presentationml/2006/main}timing at 0x219312988b8>
	Generating video thumbnail...
	Thumbnail saved at E:\GitHub\manim\manim-master\manimlib\..\addons\pptx_export\temporary\00029.png
	Added clip to slide
	Clip id = 2
	Using timing_ex as template...
	Added timing to slide, timing = <Element {http://schemas.openxmlformats.org/presentationml/2006/main}timing at 0x219312988b8>
	PPTX saved to E:\GitHub\manim\manim-master\media\videos\Interpolation\1440p60\SolveFunctionsRegular.pptx
Using file at E:\GitHub\manim\manim-master\media\videos\Interpolation\1440p60\partial_movie_files\SolveFunctionsRegular\00030.mp4
	Grabbed timing element, timing_ex = <Element {http://schemas.openxmlformats.org/presentationml/2006/main}timing at 0x219315bd598>
	Generating video thumbnail...
	Thumbnail saved at E:\GitHub\manim\manim-master\manimlib\..\addons\pptx_export\temporary\00030.png
	Added clip to slide
	Clip id = 2
	Using timing_ex as template...
	Added timing to slide, timing = <Element {http://schemas.openxmlformats.org/presentationml/2006/main}timing at 0x219315bd598>
	PPTX saved to E:\GitHub\manim\manim-master\media\videos\Interpolation\1440p60\SolveFunctionsRegular.pptx
Using file at E:\GitHub\manim\manim-master\media\videos\Interpolation\1440p60\partial_movie_files\SolveFunctionsRegular\00031.mp4
	Grabbed timing element, timing_ex = <Element {http://schemas.openxmlformats.org/presentationml/2006/main}timing at 0x21931298598>
	Generating video thumbnail...
	Thumbnail saved at E:\GitHub\manim\manim-master\manimlib\..\addons\pptx_export\temporary\00031.png
	Added clip to slide
	Clip id = 2
	Using timing_ex as template...
	Added timing to slide, timing = <Element {http://schemas.openxmlformats.org/presentationml/2006/main}timing at 0x21931298598>
	PPTX saved to E:\GitHub\manim\manim-master\media\videos\Interpolation\1440p60\SolveFunctionsRegular.pptx
Using file at E:\GitHub\manim\manim-master\media\videos\Interpolation\1440p60\partial_movie_files\SolveFunctionsRegular\00032.mp4
	Grabbed timing element, timing_ex = <Element {http://schemas.openxmlformats.org/presentationml/2006/main}timing at 0x21931d9f598>
	Generating video thumbnail...
	Thumbnail saved at E:\GitHub\manim\manim-master\manimlib\..\addons\pptx_export\temporary\00032.png
	Added clip to slide
	Clip id = 2
	Using timing_ex as template...
	Added timing to slide, timing = <Element {http://schemas.openxmlformats.org/presentationml/2006/main}timing at 0x21931d9f598>
	PPTX saved to E:\GitHub\manim\manim-master\media\videos\Interpolation\1440p60\SolveFunctionsRegular.pptx
Using file at E:\GitHub\manim\manim-master\media\videos\Interpolation\1440p60\partial_movie_files\SolveFunctionsRegular\00033.mp4
	Grabbed timing element, timing_ex = <Element {http://schemas.openxmlformats.org/presentationml/2006/main}timing at 0x219315bd138>
	Generating video thumbnail...
	Thumbnail saved at E:\GitHub\manim\manim-master\manimlib\..\addons\pptx_export\temporary\00033.png
	Added clip to slide
	Clip id = 2
	Using timing_ex as template...
	Added timing to slide, timing = <Element {http://schemas.openxmlformats.org/presentationml/2006/main}timing at 0x219315bd138>
	PPTX saved to E:\GitHub\manim\manim-master\media\videos\Interpolation\1440p60\SolveFunctionsRegular.pptx
Using file at E:\GitHub\manim\manim-master\media\videos\Interpolation\1440p60\partial_movie_files\SolveFunctionsRegular\00034.mp4
	Grabbed timing element, timing_ex = <Element {http://schemas.openxmlformats.org/presentationml/2006/main}timing at 0x219315bc548>
	Generating video thumbnail...
	Thumbnail saved at E:\GitHub\manim\manim-master\manimlib\..\addons\pptx_export\temporary\00034.png
	Added clip to slide
	Clip id = 2
	Using timing_ex as template...
	Added timing to slide, timing = <Element {http://schemas.openxmlformats.org/presentationml/2006/main}timing at 0x219315bc548>
	PPTX saved to E:\GitHub\manim\manim-master\media\videos\Interpolation\1440p60\SolveFunctionsRegular.pptx
Using file at E:\GitHub\manim\manim-master\media\videos\Interpolation\1440p60\partial_movie_files\SolveFunctionsRegular\00035.mp4
	Grabbed timing element, timing_ex = <Element {http://schemas.openxmlformats.org/presentationml/2006/main}timing at 0x219315bc4a8>
	Generating video thumbnail...
	Thumbnail saved at E:\GitHub\manim\manim-master\manimlib\..\addons\pptx_export\temporary\00035.png
	Added clip to slide
	Clip id = 2
	Using timing_ex as template...
	Added timing to slide, timing = <Element {http://schemas.openxmlformats.org/presentationml/2006/main}timing at 0x219315bc4a8>
	PPTX saved to E:\GitHub\manim\manim-master\media\videos\Interpolation\1440p60\SolveFunctionsRegular.pptx
Using file at E:\GitHub\manim\manim-master\media\videos\Interpolation\1440p60\partial_movie_files\SolveFunctionsRegular\00036.mp4
	Grabbed timing element, timing_ex = <Element {http://schemas.openxmlformats.org/presentationml/2006/main}timing at 0x21931308598>
	Generating video thumbnail...
	Thumbnail saved at E:\GitHub\manim\manim-master\manimlib\..\addons\pptx_export\temporary\00036.png
	Added clip to slide
	Clip id = 2
	Using timing_ex as template...
	Added timing to slide, timing = <Element {http://schemas.openxmlformats.org/presentationml/2006/main}timing at 0x21931308598>
	PPTX saved to E:\GitHub\manim\manim-master\media\videos\Interpolation\1440p60\SolveFunctionsRegular.pptx
Using file at E:\GitHub\manim\manim-master\media\videos\Interpolation\1440p60\partial_movie_files\SolveFunctionsRegular\00037.mp4
	Grabbed timing element, timing_ex = <Element {http://schemas.openxmlformats.org/presentationml/2006/main}timing at 0x21931298728>
	Generating video thumbnail...
	Thumbnail saved at E:\GitHub\manim\manim-master\manimlib\..\addons\pptx_export\temporary\00037.png
	Added clip to slide
	Clip id = 2
	Using timing_ex as template...
	Added timing to slide, timing = <Element {http://schemas.openxmlformats.org/presentationml/2006/main}timing at 0x21931298728>
	PPTX saved to E:\GitHub\manim\manim-master\media\videos\Interpolation\1440p60\SolveFunctionsRegular.pptx
Using file at E:\GitHub\manim\manim-master\media\videos\Interpolation\1440p60\partial_movie_files\SolveFunctionsRegular\00038.mp4
	Grabbed timing element, timing_ex = <Element {http://schemas.openxmlformats.org/presentationml/2006/main}timing at 0x219312de638>
	Generating video thumbnail...
	Thumbnail saved at E:\GitHub\manim\manim-master\manimlib\..\addons\pptx_export\temporary\00038.png
	Added clip to slide
	Clip id = 2
	Using timing_ex as template...
	Added timing to slide, timing = <Element {http://schemas.openxmlformats.org/presentationml/2006/main}timing at 0x219312de638>
	PPTX saved to E:\GitHub\manim\manim-master\media\videos\Interpolation\1440p60\SolveFunctionsRegular.pptx
Using file at E:\GitHub\manim\manim-master\media\videos\Interpolation\1440p60\partial_movie_files\SolveFunctionsRegular\00039.mp4
	Grabbed timing element, timing_ex = <Element {http://schemas.openxmlformats.org/presentationml/2006/main}timing at 0x219312ed9a8>
	Generating video thumbnail...
	Thumbnail saved at E:\GitHub\manim\manim-master\manimlib\..\addons\pptx_export\temporary\00039.png
	Added clip to slide
	Clip id = 2
	Using timing_ex as template...
	Added timing to slide, timing = <Element {http://schemas.openxmlformats.org/presentationml/2006/main}timing at 0x219312ed9a8>
	PPTX saved to E:\GitHub\manim\manim-master\media\videos\Interpolation\1440p60\SolveFunctionsRegular.pptx
Using file at E:\GitHub\manim\manim-master\media\videos\Interpolation\1440p60\partial_movie_files\SolveFunctionsRegular\00040.mp4
	Grabbed timing element, timing_ex = <Element {http://schemas.openxmlformats.org/presentationml/2006/main}timing at 0x219312d99a8>
	Generating video thumbnail...
	Thumbnail saved at E:\GitHub\manim\manim-master\manimlib\..\addons\pptx_export\temporary\00040.png
	Added clip to slide
	Clip id = 2
	Using timing_ex as template...
	Added timing to slide, timing = <Element {http://schemas.openxmlformats.org/presentationml/2006/main}timing at 0x219312d99a8>
	PPTX saved to E:\GitHub\manim\manim-master\media\videos\Interpolation\1440p60\SolveFunctionsRegular.pptx
Using file at E:\GitHub\manim\manim-master\media\videos\Interpolation\1440p60\partial_movie_files\SolveFunctionsRegular\00041.mp4
	Grabbed timing element, timing_ex = <Element {http://schemas.openxmlformats.org/presentationml/2006/main}timing at 0x21931287ea8>
	Generating video thumbnail...
	Thumbnail saved at E:\GitHub\manim\manim-master\manimlib\..\addons\pptx_export\temporary\00041.png
	Added clip to slide
	Clip id = 2
	Using timing_ex as template...
	Added timing to slide, timing = <Element {http://schemas.openxmlformats.org/presentationml/2006/main}timing at 0x21931287ea8>
	PPTX saved to E:\GitHub\manim\manim-master\media\videos\Interpolation\1440p60\SolveFunctionsRegular.pptx
Using file at E:\GitHub\manim\manim-master\media\videos\Interpolation\1440p60\partial_movie_files\SolveFunctionsRegular\00042.mp4
	Grabbed timing element, timing_ex = <Element {http://schemas.openxmlformats.org/presentationml/2006/main}timing at 0x21931241598>
	Generating video thumbnail...
	Thumbnail saved at E:\GitHub\manim\manim-master\manimlib\..\addons\pptx_export\temporary\00042.png
	Added clip to slide
	Clip id = 2
	Using timing_ex as template...
	Added timing to slide, timing = <Element {http://schemas.openxmlformats.org/presentationml/2006/main}timing at 0x21931241598>
	PPTX saved to E:\GitHub\manim\manim-master\media\videos\Interpolation\1440p60\SolveFunctionsRegular.pptx
Using file at E:\GitHub\manim\manim-master\media\videos\Interpolation\1440p60\partial_movie_files\SolveFunctionsRegular\00043.mp4
	Grabbed timing element, timing_ex = <Element {http://schemas.openxmlformats.org/presentationml/2006/main}timing at 0x219315bdbd8>
	Generating video thumbnail...
	Thumbnail saved at E:\GitHub\manim\manim-master\manimlib\..\addons\pptx_export\temporary\00043.png
	Added clip to slide
	Clip id = 2
	Using timing_ex as template...
	Added timing to slide, timing = <Element {http://schemas.openxmlformats.org/presentationml/2006/main}timing at 0x219315bdbd8>
	PPTX saved to E:\GitHub\manim\manim-master\media\videos\Interpolation\1440p60\SolveFunctionsRegular.pptx
Using file at E:\GitHub\manim\manim-master\media\videos\Interpolation\1440p60\partial_movie_files\SolveFunctionsRegular\00044.mp4
	Grabbed timing element, timing_ex = <Element {http://schemas.openxmlformats.org/presentationml/2006/main}timing at 0x219312db278>
	Generating video thumbnail...
	Thumbnail saved at E:\GitHub\manim\manim-master\manimlib\..\addons\pptx_export\temporary\00044.png
	Added clip to slide
	Clip id = 2
	Using timing_ex as template...
	Added timing to slide, timing = <Element {http://schemas.openxmlformats.org/presentationml/2006/main}timing at 0x219312db278>
	PPTX saved to E:\GitHub\manim\manim-master\media\videos\Interpolation\1440p60\SolveFunctionsRegular.pptx
Using file at E:\GitHub\manim\manim-master\media\videos\Interpolation\1440p60\partial_movie_files\SolveFunctionsRegular\00045.mp4
	Grabbed timing element, timing_ex = <Element {http://schemas.openxmlformats.org/presentationml/2006/main}timing at 0x219315bc408>
	Generating video thumbnail...
	Thumbnail saved at E:\GitHub\manim\manim-master\manimlib\..\addons\pptx_export\temporary\00045.png
	Added clip to slide
	Clip id = 2
	Using timing_ex as template...
	Added timing to slide, timing = <Element {http://schemas.openxmlformats.org/presentationml/2006/main}timing at 0x219315bc408>
	PPTX saved to E:\GitHub\manim\manim-master\media\videos\Interpolation\1440p60\SolveFunctionsRegular.pptx
Using file at E:\GitHub\manim\manim-master\media\videos\Interpolation\1440p60\partial_movie_files\SolveFunctionsRegular\00046.mp4
	Grabbed timing element, timing_ex = <Element {http://schemas.openxmlformats.org/presentationml/2006/main}timing at 0x219312e10e8>
	Generating video thumbnail...
	Thumbnail saved at E:\GitHub\manim\manim-master\manimlib\..\addons\pptx_export\temporary\00046.png
	Added clip to slide
	Clip id = 2
	Using timing_ex as template...
	Added timing to slide, timing = <Element {http://schemas.openxmlformats.org/presentationml/2006/main}timing at 0x219312e10e8>
	PPTX saved to E:\GitHub\manim\manim-master\media\videos\Interpolation\1440p60\SolveFunctionsRegular.pptx
Final presentation saved to E:\GitHub\manim\manim-master\media\videos\Interpolation\1440p60\SolveFunctionsRegular.pptx
